Flow report for hub75_drv
Fri Sep 01 09:18:07 2017
Quartus Prime Version 17.0.1 Build 598 06/07/2017 SJ Lite Edition


---------------------
; Table of Contents ;
---------------------
  1. Legal Notice
  2. Flow Summary
  3. Flow Settings
  4. Flow Non-Default Global Settings
  5. Flow Elapsed Time
  6. Flow OS Summary
  7. Flow Log
  8. Flow Messages
  9. Flow Suppressed Messages



----------------
; Legal Notice ;
----------------
Copyright (C) 2017  Intel Corporation. All rights reserved.
Your use of Intel Corporation's design tools, logic functions 
and other software and tools, and its AMPP partner logic 
functions, and any output files from any of the foregoing 
(including device programming or simulation files), and any 
associated documentation or information are expressly subject 
to the terms and conditions of the Intel Program License 
Subscription Agreement, the Intel Quartus Prime License Agreement,
the Intel MegaCore Function License Agreement, or other 
applicable license agreement, including, without limitation, 
that your use is for the sole purpose of programming logic 
devices manufactured by Intel and sold by Intel or its 
authorized distributors.  Please refer to the applicable 
agreement for further details.



+----------------------------------------------------------------------------------+
; Flow Summary                                                                     ;
+------------------------------------+---------------------------------------------+
; Flow Status                        ; Successful - Fri Sep 01 09:18:07 2017       ;
; Quartus Prime Version              ; 17.0.1 Build 598 06/07/2017 SJ Lite Edition ;
; Revision Name                      ; hub75_drv                                   ;
; Top-level Entity Name              ; hub75_drv                                   ;
; Family                             ; MAX 10                                      ;
; Device                             ; 10M08DAF484C8G                              ;
; Timing Models                      ; Final                                       ;
; Total logic elements               ; 117 / 8,064 ( 1 % )                         ;
;     Total combinational functions  ; 113 / 8,064 ( 1 % )                         ;
;     Dedicated logic registers      ; 45 / 8,064 ( < 1 % )                        ;
; Total registers                    ; 45                                          ;
; Total pins                         ; 66 / 250 ( 26 % )                           ;
; Total virtual pins                 ; 0                                           ;
; Total memory bits                  ; 0 / 387,072 ( 0 % )                         ;
; Embedded Multiplier 9-bit elements ; 0 / 48 ( 0 % )                              ;
; Total PLLs                         ; 0 / 2 ( 0 % )                               ;
; UFM blocks                         ; 0 / 1 ( 0 % )                               ;
; ADC blocks                         ; 0 / 1 ( 0 % )                               ;
+------------------------------------+---------------------------------------------+


+-----------------------------------------+
; Flow Settings                           ;
+-------------------+---------------------+
; Option            ; Setting             ;
+-------------------+---------------------+
; Start date & time ; 09/01/2017 09:16:59 ;
; Main task         ; Compilation         ;
; Revision Name     ; hub75_drv           ;
+-------------------+---------------------+


+---------------------------------------------------------------------------------------------------------------------------------+
; Flow Non-Default Global Settings                                                                                                ;
+--------------------------------------+----------------------------------------+---------------+-------------+-------------------+
; Assignment Name                      ; Value                                  ; Default Value ; Entity Name ; Section Id        ;
+--------------------------------------+----------------------------------------+---------------+-------------+-------------------+
; COMPILER_SIGNATURE_ID                ; 233654135453092.150423221802852        ; --            ; --          ; --                ;
; EDA_DESIGN_INSTANCE_NAME             ; NA                                     ; --            ; --          ; hub75_drv_vlg_tst ;
; EDA_NATIVELINK_SIMULATION_TEST_BENCH ; hub75_drv_vlg_tst                      ; --            ; --          ; eda_simulation    ;
; EDA_OUTPUT_DATA_FORMAT               ; Verilog Hdl                            ; --            ; --          ; eda_simulation    ;
; EDA_SIMULATION_TOOL                  ; ModelSim-Altera (Verilog)              ; <None>        ; --          ; --                ;
; EDA_TEST_BENCH_ENABLE_STATUS         ; TEST_BENCH_MODE                        ; --            ; --          ; eda_simulation    ;
; EDA_TEST_BENCH_FILE                  ; simulation/modelsim/hub75_drv.vt       ; --            ; --          ; hub75_drv_vlg_tst ;
; EDA_TEST_BENCH_MODULE_NAME           ; hub75_drv_vlg_tst                      ; --            ; --          ; hub75_drv_vlg_tst ;
; EDA_TEST_BENCH_NAME                  ; hub75_drv_vlg_tst                      ; --            ; --          ; eda_simulation    ;
; EDA_TIME_SCALE                       ; 1 ns                                   ; --            ; --          ; eda_simulation    ;
; MAX_CORE_JUNCTION_TEMP               ; 85                                     ; --            ; --          ; --                ;
; MIN_CORE_JUNCTION_TEMP               ; 0                                      ; --            ; --          ; --                ;
; PARTITION_COLOR                      ; -- (Not supported for targeted family) ; --            ; --          ; Top               ;
; PARTITION_FITTER_PRESERVATION_LEVEL  ; -- (Not supported for targeted family) ; --            ; --          ; Top               ;
; PARTITION_NETLIST_TYPE               ; -- (Not supported for targeted family) ; --            ; --          ; Top               ;
; POWER_BOARD_THERMAL_MODEL            ; None (CONSERVATIVE)                    ; --            ; --          ; --                ;
; POWER_PRESET_COOLING_SOLUTION        ; 23 MM HEAT SINK WITH 200 LFPM AIRFLOW  ; --            ; --          ; --                ;
; PROJECT_OUTPUT_DIRECTORY             ; output_files                           ; --            ; --          ; --                ;
; VERILOG_INPUT_VERSION                ; SystemVerilog_2005                     ; Verilog_2001  ; --          ; --                ;
; VERILOG_SHOW_LMF_MAPPING_MESSAGES    ; Off                                    ; --            ; --          ; --                ;
+--------------------------------------+----------------------------------------+---------------+-------------+-------------------+


+-------------------------------------------------------------------------------------------------------------------------------+
; Flow Elapsed Time                                                                                                             ;
+---------------------------+--------------+-------------------------+---------------------+------------------------------------+
; Module Name               ; Elapsed Time ; Average Processors Used ; Peak Virtual Memory ; Total CPU Time (on all processors) ;
+---------------------------+--------------+-------------------------+---------------------+------------------------------------+
; Analysis & Synthesis      ; 00:00:33     ; 1.0                     ; 622 MB              ; 00:00:41                           ;
; Fitter                    ; 00:00:17     ; 1.0                     ; 1035 MB             ; 00:00:14                           ;
; Assembler                 ; 00:00:03     ; 1.0                     ; 563 MB              ; 00:00:02                           ;
; TimeQuest Timing Analyzer ; 00:00:06     ; 1.0                     ; 623 MB              ; 00:00:06                           ;
; EDA Netlist Writer        ; 00:00:02     ; 1.0                     ; 527 MB              ; 00:00:01                           ;
; Total                     ; 00:01:01     ; --                      ; --                  ; 00:01:04                           ;
+---------------------------+--------------+-------------------------+---------------------+------------------------------------+


+-----------------------------------------------------------------------------------------+
; Flow OS Summary                                                                         ;
+---------------------------+------------------+------------+------------+----------------+
; Module Name               ; Machine Hostname ; OS Name    ; OS Version ; Processor type ;
+---------------------------+------------------+------------+------------+----------------+
; Analysis & Synthesis      ; NB-13788         ; Windows 10 ; 10.0       ; x86_64         ;
; Fitter                    ; NB-13788         ; Windows 10 ; 10.0       ; x86_64         ;
; Assembler                 ; NB-13788         ; Windows 10 ; 10.0       ; x86_64         ;
; TimeQuest Timing Analyzer ; NB-13788         ; Windows 10 ; 10.0       ; x86_64         ;
; EDA Netlist Writer        ; NB-13788         ; Windows 10 ; 10.0       ; x86_64         ;
+---------------------------+------------------+------------+------------+----------------+


------------
; Flow Log ;
------------
quartus_map --read_settings_files=on --write_settings_files=off hub75_drv -c hub75_drv
quartus_fit --read_settings_files=off --write_settings_files=off hub75_drv -c hub75_drv
quartus_asm --read_settings_files=off --write_settings_files=off hub75_drv -c hub75_drv
quartus_sta hub75_drv -c hub75_drv
quartus_eda --read_settings_files=off --write_settings_files=off hub75_drv -c hub75_drv



